# JRE version: OpenJDK Runtime Environment (8.0_112-b06) (build 1.8.0_112-release-b06)
# Java VM: OpenJDK 64-Bit Server VM (25.112-b06 mixed mode windows-amd64 compressed oops)
Heap:
 PSYoungGen      total 438784K, used 303522K [0x00000000e0000000, 0x00000000fef00000, 0x0000000100000000)
  eden space 369664K, 75% used [0x00000000e0000000,0x00000000f120c438,0x00000000f6900000)
  from space 69120K, 33% used [0x00000000fab80000,0x00000000fc1dc420,0x00000000fef00000)
  to   space 68096K, 0% used [0x00000000f6900000,0x00000000f6900000,0x00000000fab80000)
 ParOldGen       total 177152K, used 74835K [0x00000000a0000000, 0x00000000aad00000, 0x00000000e0000000)
  object space 177152K, 42% used [0x00000000a0000000,0x00000000a4914c10,0x00000000aad00000)
 Metaspace       used 70650K, capacity 74280K, committed 74368K, reserved 1114112K
  class space    used 8711K, capacity 9275K, committed 9344K, reserved 1048576K
GC Heap History (10 events):
Event: 507.327 GC heap before
{Heap before GC invocations=23 (full 3):
 PSYoungGen      total 359936K, used 326077K [0x00000000e0000000, 0x00000000fb100000, 0x0000000100000000)
  eden space 306688K, 100% used [0x00000000e0000000,0x00000000f2b80000,0x00000000f2b80000)
  from space 53248K, 36% used [0x00000000f2b80000,0x00000000f3e6f7a0,0x00000000f5f80000)
  to   space 50688K, 0% used [0x00000000f7f80000,0x00000000f7f80000,0x00000000fb100000)
 ParOldGen       total 177152K, used 74803K [0x00000000a0000000, 0x00000000aad00000, 0x00000000e0000000)
  object space 177152K, 42% used [0x00000000a0000000,0x00000000a490cc10,0x00000000aad00000)
 Metaspace       used 69191K, capacity 71964K, committed 72192K, reserved 1112064K
  class space    used 8596K, capacity 9091K, committed 9216K, reserved 1048576K
Event: 507.386 GC heap after
Heap after GC invocations=23 (full 3):
 PSYoungGen      total 386048K, used 48124K [0x00000000e0000000, 0x00000000fc200000, 0x0000000100000000)
  eden space 335360K, 0% used [0x00000000e0000000,0x00000000e0000000,0x00000000f4780000)
  from space 50688K, 94% used [0x00000000f7f80000,0x00000000fae7f3d8,0x00000000fb100000)
  to   space 57344K, 0% used [0x00000000f4780000,0x00000000f4780000,0x00000000f7f80000)
 ParOldGen       total 177152K, used 74811K [0x00000000a0000000, 0x00000000aad00000, 0x00000000e0000000)
  object space 177152K, 42% used [0x00000000a0000000,0x00000000a490ec10,0x00000000aad00000)
 Metaspace       used 69191K, capacity 71964K, committed 72192K, reserved 1112064K
  class space    used 8596K, capacity 9091K, committed 9216K, reserved 1048576K
}
Event: 801.475 GC heap before
{Heap before GC invocations=24 (full 3):
 PSYoungGen      total 386048K, used 383484K [0x00000000e0000000, 0x00000000fc200000, 0x0000000100000000)
  eden space 335360K, 100% used [0x00000000e0000000,0x00000000f4780000,0x00000000f4780000)
  from space 50688K, 94% used [0x00000000f7f80000,0x00000000fae7f3d8,0x00000000fb100000)
  to   space 57344K, 0% used [0x00000000f4780000,0x00000000f4780000,0x00000000f7f80000)
 ParOldGen       total 177152K, used 74811K [0x00000000a0000000, 0x00000000aad00000, 0x00000000e0000000)
  object space 177152K, 42% used [0x00000000a0000000,0x00000000a490ec10,0x00000000aad00000)
 Metaspace       used 69422K, capacity 72254K, committed 72448K, reserved 1112064K
  class space    used 8605K, capacity 9100K, committed 9216K, reserved 1048576K
Event: 801.544 GC heap after
Heap after GC invocations=24 (full 3):
 PSYoungGen      total 392704K, used 56680K [0x00000000e0000000, 0x00000000fea00000, 0x0000000100000000)
  eden space 335360K, 0% used [0x00000000e0000000,0x00000000e0000000,0x00000000f4780000)
  from space 57344K, 98% used [0x00000000f4780000,0x00000000f7eda0c8,0x00000000f7f80000)
  to   space 65536K, 0% used [0x00000000faa00000,0x00000000faa00000,0x00000000fea00000)
 ParOldGen       total 177152K, used 74819K [0x00000000a0000000, 0x00000000aad00000, 0x00000000e0000000)
  object space 177152K, 42% used [0x00000000a0000000,0x00000000a4910c10,0x00000000aad00000)
 Metaspace       used 69422K, capacity 72254K, committed 72448K, reserved 1112064K
  class space    used 8605K, capacity 9100K, committed 9216K, reserved 1048576K
}
Event: 6911.615 GC heap before
{Heap before GC invocations=25 (full 3):
 PSYoungGen      total 392704K, used 392040K [0x00000000e0000000, 0x00000000fea00000, 0x0000000100000000)
  eden space 335360K, 100% used [0x00000000e0000000,0x00000000f4780000,0x00000000f4780000)
  from space 57344K, 98% used [0x00000000f4780000,0x00000000f7eda0c8,0x00000000f7f80000)
  to   space 65536K, 0% used [0x00000000faa00000,0x00000000faa00000,0x00000000fea00000)
 ParOldGen       total 177152K, used 74819K [0x00000000a0000000, 0x00000000aad00000, 0x00000000e0000000)
  object space 177152K, 42% used [0x00000000a0000000,0x00000000a4910c10,0x00000000aad00000)
 Metaspace       used 69990K, capacity 73298K, committed 73472K, reserved 1114112K
  class space    used 8669K, capacity 9212K, committed 9216K, reserved 1048576K
Event: 6911.648 GC heap after
Heap after GC invocations=25 (full 3):
 PSYoungGen      total 346112K, used 22785K [0x00000000e0000000, 0x00000000fc080000, 0x0000000100000000)
  eden space 323072K, 0% used [0x00000000e0000000,0x00000000e0000000,0x00000000f3b80000)
  from space 23040K, 98% used [0x00000000faa00000,0x00000000fc040658,0x00000000fc080000)
  to   space 62976K, 0% used [0x00000000f4580000,0x00000000f4580000,0x00000000f8300000)
 ParOldGen       total 177152K, used 74827K [0x00000000a0000000, 0x00000000aad00000, 0x00000000e0000000)
  object space 177152K, 42% used [0x00000000a0000000,0x00000000a4912c10,0x00000000aad00000)
 Metaspace       used 69990K, capacity 73298K, committed 73472K, reserved 1114112K
  class space    used 8669K, capacity 9212K, committed 9216K, reserved 1048576K
}
Event: 6914.268 GC heap before
{Heap before GC invocations=26 (full 3):
 PSYoungGen      total 346112K, used 345857K [0x00000000e0000000, 0x00000000fc080000, 0x0000000100000000)
  eden space 323072K, 100% used [0x00000000e0000000,0x00000000f3b80000,0x00000000f3b80000)
  from space 23040K, 98% used [0x00000000faa00000,0x00000000fc040658,0x00000000fc080000)
  to   space 62976K, 0% used [0x00000000f4580000,0x00000000f4580000,0x00000000f8300000)
 ParOldGen       total 177152K, used 74827K [0x00000000a0000000, 0x00000000aad00000, 0x00000000e0000000)
  object space 177152K, 42% used [0x00000000a0000000,0x00000000a4912c10,0x00000000aad00000)
 Metaspace       used 70245K, capacity 73676K, committed 73856K, reserved 1114112K
  class space    used 8686K, capacity 9243K, committed 9344K, reserved 1048576K
Event: 6914.390 GC heap after
Heap after GC invocations=26 (full 3):
 PSYoungGen      total 396288K, used 58393K [0x00000000e0000000, 0x00000000ff080000, 0x0000000100000000)
  eden space 333312K, 0% used [0x00000000e0000000,0x00000000e0000000,0x00000000f4580000)
  from space 62976K, 92% used [0x00000000f4580000,0x00000000f7e865d0,0x00000000f8300000)
  to   space 70656K, 0% used [0x00000000fab80000,0x00000000fab80000,0x00000000ff080000)
 ParOldGen       total 177152K, used 74835K [0x00000000a0000000, 0x00000000aad00000, 0x00000000e0000000)
  object space 177152K, 42% used [0x00000000a0000000,0x00000000a4914c10,0x00000000aad00000)
 Metaspace       used 70245K, capacity 73676K, committed 73856K, reserved 1114112K
  class space    used 8686K, capacity 9243K, committed 9344K, reserved 1048576K
}
Event: 7105.331 GC heap before
{Heap before GC invocations=27 (full 3):
 PSYoungGen      total 396288K, used 391705K [0x00000000e0000000, 0x00000000ff080000, 0x0000000100000000)
  eden space 333312K, 100% used [0x00000000e0000000,0x00000000f4580000,0x00000000f4580000)
  from space 62976K, 92% used [0x00000000f4580000,0x00000000f7e865d0,0x00000000f8300000)
  to   space 70656K, 0% used [0x00000000fab80000,0x00000000fab80000,0x00000000ff080000)
 ParOldGen       total 177152K, used 74835K [0x00000000a0000000, 0x00000000aad00000, 0x00000000e0000000)
  object space 177152K, 42% used [0x00000000a0000000,0x00000000a4914c10,0x00000000aad00000)
 Metaspace       used 70514K, capacity 74058K, committed 74368K, reserved 1114112K
  class space    used 8702K, capacity 9266K, committed 9344K, reserved 1048576K
Event: 7105.357 GC heap after
Heap after GC invocations=27 (full 3):
 PSYoungGen      total 438784K, used 22897K [0x00000000e0000000, 0x00000000fef00000, 0x0000000100000000)
  eden space 369664K, 0% used [0x00000000e0000000,0x00000000e0000000,0x00000000f6900000)
  from space 69120K, 33% used [0x00000000fab80000,0x00000000fc1dc420,0x00000000fef00000)
  to   space 68096K, 0% used [0x00000000f6900000,0x00000000f6900000,0x00000000fab80000)
 ParOldGen       total 177152K, used 74835K [0x00000000a0000000, 0x00000000aad00000, 0x00000000e0000000)
  object space 177152K, 42% used [0x00000000a0000000,0x00000000a4914c10,0x00000000aad00000)
 Metaspace       used 70514K, capacity 74058K, committed 74368K, reserved 1114112K
  class space    used 8702K, capacity 9266K, committed 9344K, reserved 1048576K
}

